<?xml version="1.0" encoding="UTF-8"?>
<testng-results skipped="0" failed="1" ignored="0" total="9" passed="8">
  <reporter-output>
  </reporter-output>
  <suite name="Default suite" duration-ms="49" started-at="2020-04-23T08:45:04Z" finished-at="2020-04-23T08:45:04Z">
    <groups>
    </groups>
    <test name="Default test" duration-ms="49" started-at="2020-04-23T08:45:04Z" finished-at="2020-04-23T08:45:04Z">
      <class name="assessment2.task4">
        <test-method status="PASS" signature="testCase1()[pri:0, instance:assessment2.task4@670b40af]" name="testCase1" duration-ms="6" started-at="2020-04-23T08:45:04Z" finished-at="2020-04-23T08:45:04Z">
          <reporter-output>
          </reporter-output>
        </test-method> <!-- testCase1 -->
        <test-method status="PASS" signature="testCase10()[pri:0, instance:assessment2.task4@670b40af]" name="testCase10" duration-ms="1" started-at="2020-04-23T08:45:04Z" finished-at="2020-04-23T08:45:04Z">
          <reporter-output>
          </reporter-output>
        </test-method> <!-- testCase10 -->
        <test-method status="PASS" signature="testCase3()[pri:0, instance:assessment2.task4@670b40af]" name="testCase3" duration-ms="1" started-at="2020-04-23T08:45:04Z" finished-at="2020-04-23T08:45:04Z">
          <reporter-output>
          </reporter-output>
        </test-method> <!-- testCase3 -->
        <test-method status="PASS" signature="testCase4()[pri:0, instance:assessment2.task4@670b40af]" name="testCase4" duration-ms="1" started-at="2020-04-23T08:45:04Z" finished-at="2020-04-23T08:45:04Z">
          <reporter-output>
          </reporter-output>
        </test-method> <!-- testCase4 -->
        <test-method status="PASS" signature="testCase5()[pri:0, instance:assessment2.task4@670b40af]" name="testCase5" duration-ms="1" started-at="2020-04-23T08:45:04Z" finished-at="2020-04-23T08:45:04Z">
          <reporter-output>
          </reporter-output>
        </test-method> <!-- testCase5 -->
        <test-method status="FAIL" signature="testCase6(int)[pri:0, instance:assessment2.task4@670b40af]" name="testCase6" duration-ms="0" started-at="2020-04-23T08:45:04Z" finished-at="2020-04-23T08:45:04Z">
          <exception class="org.testng.TestNGException">
            <message>
              <![CDATA[
Cannot inject @Test annotated Method [testCase6] with [int].
For more information on native dependency injection please refer to http://testng.org/doc/documentation-main.html#native-dependency-injection]]>
            </message>
            <full-stacktrace>
              <![CDATA[org.testng.TestNGException: 
Cannot inject @Test annotated Method [testCase6] with [int].
For more information on native dependency injection please refer to http://testng.org/doc/documentation-main.html#native-dependency-injection
at org.testng.internal.Parameters.checkParameterTypes(Parameters.java:407)
at org.testng.internal.Parameters.createParametersForMethod(Parameters.java:356)
at org.testng.internal.Parameters.createParameters(Parameters.java:635)
at org.testng.internal.Parameters.handleParameters(Parameters.java:769)
at org.testng.internal.ParameterHandler.handleParameters(ParameterHandler.java:49)
at org.testng.internal.ParameterHandler.createParameters(ParameterHandler.java:37)
at org.testng.internal.Invoker.invokeTestMethods(Invoker.java:924)
at org.testng.internal.TestMethodWorker.invokeTestMethods(TestMethodWorker.java:125)
at org.testng.internal.TestMethodWorker.run(TestMethodWorker.java:109)
at org.testng.TestRunner.privateRun(TestRunner.java:648)
at org.testng.TestRunner.run(TestRunner.java:505)
at org.testng.SuiteRunner.runTest(SuiteRunner.java:455)
at org.testng.SuiteRunner.runSequentially(SuiteRunner.java:450)
at org.testng.SuiteRunner.privateRun(SuiteRunner.java:415)
at org.testng.SuiteRunner.run(SuiteRunner.java:364)
at org.testng.SuiteRunnerWorker.runSuite(SuiteRunnerWorker.java:52)
at org.testng.SuiteRunnerWorker.run(SuiteRunnerWorker.java:84)
at org.testng.TestNG.runSuitesSequentially(TestNG.java:1208)
at org.testng.TestNG.runSuitesLocally(TestNG.java:1137)
at org.testng.TestNG.runSuites(TestNG.java:1049)
at org.testng.TestNG.run(TestNG.java:1017)
at org.testng.remote.AbstractRemoteTestNG.run(AbstractRemoteTestNG.java:114)
at org.testng.remote.RemoteTestNG.initAndRun(RemoteTestNG.java:251)
at org.testng.remote.RemoteTestNG.main(RemoteTestNG.java:77)
]]>
            </full-stacktrace>
          </exception> <!-- org.testng.TestNGException -->
          <reporter-output>
          </reporter-output>
        </test-method> <!-- testCase6 -->
        <test-method status="PASS" signature="testCase7()[pri:0, instance:assessment2.task4@670b40af]" name="testCase7" duration-ms="3" started-at="2020-04-23T08:45:04Z" finished-at="2020-04-23T08:45:04Z">
          <reporter-output>
          </reporter-output>
        </test-method> <!-- testCase7 -->
        <test-method status="PASS" signature="testCase8()[pri:0, instance:assessment2.task4@670b40af]" name="testCase8" duration-ms="1" started-at="2020-04-23T08:45:04Z" finished-at="2020-04-23T08:45:04Z">
          <reporter-output>
          </reporter-output>
        </test-method> <!-- testCase8 -->
        <test-method status="PASS" signature="testCase9()[pri:0, instance:assessment2.task4@670b40af]" name="testCase9" duration-ms="1" started-at="2020-04-23T08:45:04Z" finished-at="2020-04-23T08:45:04Z">
          <reporter-output>
          </reporter-output>
        </test-method> <!-- testCase9 -->
      </class> <!-- assessment2.task4 -->
    </test> <!-- Default test -->
  </suite> <!-- Default suite -->
</testng-results>
